d:\user\documents\github\betaframeworkprojects\asteroids\x64\debug\cs230project1.pch
d:\user\documents\github\betaframeworkprojects\asteroids\x64\debug\vc141.pdb
d:\user\documents\github\betaframeworkprojects\asteroids\x64\debug\vc141.idb
d:\user\documents\github\betaframeworkprojects\asteroids\x64\debug\stdafx.obj
d:\user\documents\github\betaframeworkprojects\asteroids\x64\debug\timeddeath.obj
d:\user\documents\github\betaframeworkprojects\asteroids\x64\debug\screenwrap.obj
d:\user\documents\github\betaframeworkprojects\asteroids\x64\debug\playership.obj
d:\user\documents\github\betaframeworkprojects\asteroids\x64\debug\playerprojectile.obj
d:\user\documents\github\betaframeworkprojects\asteroids\x64\debug\monkeymovement.obj
d:\user\documents\github\betaframeworkprojects\asteroids\x64\debug\monkeyanimation.obj
d:\user\documents\github\betaframeworkprojects\asteroids\x64\debug\main.obj
d:\user\documents\github\betaframeworkprojects\asteroids\x64\debug\level2.obj
d:\user\documents\github\betaframeworkprojects\asteroids\x64\debug\level1.obj
d:\user\documents\github\betaframeworkprojects\asteroids\x64\debug\cutable.obj
d:\user\documents\github\betaframeworkprojects\asteroids\x64\debug\asteroids.obj
d:\user\documents\github\betaframeworkprojects\asteroids\x64\debug\asteroid.obj
d:\user\documents\github\betaframeworkprojects\asteroids\x64\debug\playerpointsdisplay.obj
d:\user\documents\github\betaframeworkprojects\asteroids\x64\debug\cs230project1.exe
d:\user\documents\github\betaframeworkprojects\asteroids\x64\debug\cs230project1.ilk
d:\user\documents\github\betaframeworkprojects\asteroids\x64\debug\cs230project1.pdb
d:\user\documents\github\betaframeworkprojects\asteroids\x64\debug\betahigh_x64_d.pdb
d:\user\documents\github\betaframeworkprojects\asteroids\x64\debug\betalow_x64_d.pdb
d:\user\documents\github\betaframeworkprojects\asteroids\\x64\debug\cs230project1.pdb
d:\user\documents\github\betaframeworkprojects\asteroids\\x64\debug\cs230project1.exe
d:\user\documents\github\betaframeworkprojects\asteroids\\x64\debug\cs230project1.ilk
d:\user\documents\github\betaframeworkprojects\asteroids\x64\debug\cs230project1.tlog\cl.command.1.tlog
d:\user\documents\github\betaframeworkprojects\asteroids\x64\debug\cs230project1.tlog\cl.read.1.tlog
d:\user\documents\github\betaframeworkprojects\asteroids\x64\debug\cs230project1.tlog\cl.write.1.tlog
d:\user\documents\github\betaframeworkprojects\asteroids\x64\debug\cs230project1.tlog\link.command.1.tlog
d:\user\documents\github\betaframeworkprojects\asteroids\x64\debug\cs230project1.tlog\link.read.1.tlog
d:\user\documents\github\betaframeworkprojects\asteroids\x64\debug\cs230project1.tlog\link.write.1.tlog
